
ROM used: 7786 (24%)
          7786 (24%) including unused fragments

          2 Average locations per line
          19 Average locations per statement

RAM used: 208 (10%) at main() level
          271 (13%) worst case

Stack used: 13 worst case (out of 28 total available)

Lines Stmts  %   Files
----- ----- ---  -----
  310   164  41  main.c
  429     0   0  ..\..\..\..\Program Files\PICC\devices\18F4550.h
  346   102  25  Rotinas_LCD.c
   26     9   2  ADC_Read.c
 1360     0   0  ..\..\..\..\Program Files\PICC\drivers\stdlib.h
   28     0   0  ..\..\..\..\Program Files\PICC\drivers\stddef.h
  417     0   0  ..\..\..\..\Program Files\PICC\drivers\string.h
   28     0   0  ..\..\..\..\Program Files\PICC\drivers\ctype.h
  470   128  32  BibliotecaZigBee.c
----- -----
 3414   403 Total

Page ROM  %  RAM   Vol Diff  Functions:
---- --- --- ---   --- ----  ----------
0     38   0   1             @delay_ms1
0     24   0   0             @GETCH_BIU_1
0     36   0   1   154  1.8  lcd_send_nibble
0     50   0   3   247  3.8  lcd_send_byte
0    286   2   0  1572  2.0  lcd_init
0     34   0   4   186  5.5  lcd_gotoxy
0     68   0   1   272  4.1  lcd_putc
0     96   1   4   284  6.3  inverte_bits
0     32   0   1    52  1.3  clearLine1
0     44   0   0             @const71
0     32   0   1    52  1.3  clearLine2
0      6   0   0    59  1.3  clearLCD
0    110   1   9   219  5.0  strcopy
0    116   1   5   231  6.6  strcmp
0     76   0   2             @MUL88
0    412   3   9  1815 10.5  atoi
0    470   3  23  1084 11.8  itoa
0     86   1  14             @MUL3232
0    208   1  14             @DIVS3232
0     60   0   5    92  2.5  ler_canal_AD_para_int32
0     76   0   7   145  2.8  ler_canal_AD_para_puint8
0     22   0   0    37  0.6  init_ADC
0     56   0   3   134  3.4  interrupcao_serial
0     44   0   3             @DIV88
0     32   0   3   104  3.3  zerarBufferPacoteRecebido
0    234   2  35   526  7.0  chegouPacote
0     86   1   1   123  2.0  inicializar_variaveis
0     34   0   0             @const388
0     28   0   1             @SPRINTF
0     34   0   0             @const392
0     34   0   0             @const393
0     36   0   3   147  3.5  limpar_buffer
0     38   0   1    33  0.9  zigbee_Write
0     32   0   0             @const404
0     38   0   1    33  0.9  zigbee_SerialNumberHigh
0     32   0   0             @const420
0     38   0   1    33  0.9  zigbee_SerialNumberLow
0     32   0   0             @const422
0     68   0   5    59  1.8  zigbee_NodeIdentifier
0     36   0   0             @const430
0     68   0   5    59  1.8  zigbee_destinationNode
0     36   0   0             @const445
0    168   1  15   136  3.0  enviar_pacote_Leitura
0     46   0   0             @const459
0    246   2   6             @PRINTF_D_9600_31766_31767
0     56   0   1    50  1.0  irParaModoComando
0     30   0   1    17  0.8  irParaModoTransparente
0     32   0   0             @const466
0     28   0   2   114  3.8  esperaPacote
0    392   3  17  1309  8.1  tratarPacote
0      8   0   0    12  0.8  reception
0    168   1   2   386  3.2  modoComando
0     42   0   0             @const485
0     40   0   0             @const486
0    182   1   2   399  2.8  modoTransparente
0     48   0   0             @const489
0    176   1   2   412  3.2  setarDesstinoConcentrador
0     46   0   0             @const493
0     44   0   0             @const494
0    212   1   2   554  4.7  enviarLeitura
0     44   0   0             @const498
0    246   2   6             @PRINTF_D_53
0     36   0   0             @const502
0    410   3   2   955  3.8  setarNomeDevice
0     42   0   0             @const504
0     42   0   0             @const505
0     44   0   0             @const507
0    126   1  18   190  2.6  enviarComandoRemoto
0     38   0   0             @const513
0     40   0   1    65  1.4  imprimirLeiturasLCD
0     36   0   0             @const515
0    742   5   2  1950  7.8  MAIN
0     44   0   0             @const518
0     32   0   0             @const520
0     32   0   0             @const521
0    122   1  13             @DIV3232
0    174   1  12             @PRINTF_L32U_53

Program metrics:
    Functions               40
    Statements              403
    Comments                916
    Volume (V)              25596
    Difficilty (D)          139.8
    Effort to implement (E) 3578806
    Time to implement (T)   55 hours, 14 minutes
    Est Delivered Bugs (B)  8
    Cyclomatic Complexity   49
    Maintainability (MI)    145

 Segment     Used  Free
-----------  ----  ----
00000-00002     4  0  
00004-00006     0  4  
00008-0009C   150  0  
0009E-07FFE  7632  24978  



